🧠 AI Brain Active [07:50:28] - Scanning Market...
📊 Scanning 50 active symbols found in database...
📡 SIGNAL SAVED: BUY CADCHF | Reason: Strong MSS + Bullish FVG | Conf: 88%
📡 SIGNAL SAVED: BUY CADJPY | Reason: Strong MSS + Bullish FVG | Conf: 88%
⏳ Signal filtered: DE40 BUY ignored (HTF Trend mismatch)
📡 SIGNAL SAVED: SELL EURCAD | Reason: Strong MSS + Bearish FVG | Conf: 88%
⏳ Signal filtered: EURGBP SELL ignored (HTF Trend mismatch)
⏳ Signal filtered: F40 SELL ignored (HTF Trend mismatch)
⏳ Signal filtered: GBPCHF BUY ignored (HTF Trend mismatch)
⏳ Signal filtered: GBPSGD BUY ignored (HTF Trend mismatch)
⏳ Signal filtered: STOXX50 SELL ignored (HTF Trend mismatch)
📡 SIGNAL SAVED: SELL USDCAD | Reason: Strong MSS + Bearish FVG | Conf: 88%
🧠 AI Brain Active [07:55:32] - Scanning Market...
📊 Scanning 50 active symbols found in database...
📡 SIGNAL SAVED: BUY CADCHF | Reason: Strong MSS + Bullish FVG | Conf: 88%
📡 SIGNAL SAVED: BUY CADJPY | Reason: Strong MSS + Bullish FVG | Conf: 88%
⏳ Signal filtered: DE40 BUY ignored (HTF Trend mismatch)
📡 SIGNAL SAVED: SELL EURCAD | Reason: Strong MSS + Bearish FVG | Conf: 88%
⏳ Signal filtered: EURGBP SELL ignored (HTF Trend mismatch)
⏳ Signal filtered: F40 SELL ignored (HTF Trend mismatch)
⏳ Signal filtered: GBPCHF BUY ignored (HTF Trend mismatch)
⏳ Signal filtered: GBPSGD BUY ignored (HTF Trend mismatch)
⏳ Signal filtered: STOXX50 SELL ignored (HTF Trend mismatch)
📡 SIGNAL SAVED: SELL USDCAD | Reason: Strong MSS + Bearish FVG | Conf: 88%
🧠 AI Brain Active [08:00:36] - Scanning Market...
📊 Scanning 50 active symbols found in database...
📡 SIGNAL SAVED: BUY CADCHF | Reason: Strong MSS + Bullish FVG | Conf: 88%
📡 SIGNAL SAVED: BUY CADJPY | Reason: Strong MSS + Bullish FVG | Conf: 88%
⏳ Signal filtered: DE40 BUY ignored (HTF Trend mismatch)
📡 SIGNAL SAVED: SELL EURCAD | Reason: Strong MSS + Bearish FVG | Conf: 88%
⏳ Signal filtered: EURGBP SELL ignored (HTF Trend mismatch)
⏳ Signal filtered: F40 SELL ignored (HTF Trend mismatch)
⏳ Signal filtered: GBPCHF BUY ignored (HTF Trend mismatch)
⏳ Signal filtered: GBPSGD BUY ignored (HTF Trend mismatch)
⏳ Signal filtered: STOXX50 SELL ignored (HTF Trend mismatch)
📡 SIGNAL SAVED: SELL USDCAD | Reason: Strong MSS + Bearish FVG | Conf: 88%
🧠 AI Brain Active [08:05:38] - Scanning Market...
📊 Scanning 50 active symbols found in database...
📡 SIGNAL SAVED: BUY CADCHF | Reason: Strong MSS + Bullish FVG | Conf: 88%
📡 SIGNAL SAVED: BUY CADJPY | Reason: Strong MSS + Bullish FVG | Conf: 88%
⏳ Signal filtered: DE40 BUY ignored (HTF Trend mismatch)
📡 SIGNAL SAVED: SELL EURCAD | Reason: Strong MSS + Bearish FVG | Conf: 88%
⏳ Signal filtered: EURGBP SELL ignored (HTF Trend mismatch)
⏳ Signal filtered: F40 SELL ignored (HTF Trend mismatch)
⏳ Signal filtered: GBPCHF BUY ignored (HTF Trend mismatch)
⏳ Signal filtered: GBPSGD BUY ignored (HTF Trend mismatch)
⏳ Signal filtered: STOXX50 SELL ignored (HTF Trend mismatch)
📡 SIGNAL SAVED: SELL USDCAD | Reason: Strong MSS + Bearish FVG | Conf: 88%
🧠 AI Brain Active [08:10:42] - Scanning Market...
📊 Scanning 50 active symbols found in database...
📡 SIGNAL SAVED: BUY CADCHF | Reason: Strong MSS + Bullish FVG | Conf: 88%
📡 SIGNAL SAVED: BUY CADJPY | Reason: Strong MSS + Bullish FVG | Conf: 88%
⏳ Signal filtered: DE40 BUY ignored (HTF Trend mismatch)
📡 SIGNAL SAVED: SELL EURCAD | Reason: Strong MSS + Bearish FVG | Conf: 88%
⏳ Signal filtered: EURGBP SELL ignored (HTF Trend mismatch)
⏳ Signal filtered: F40 SELL ignored (HTF Trend mismatch)
⏳ Signal filtered: GBPCHF BUY ignored (HTF Trend mismatch)
⏳ Signal filtered: GBPSGD BUY ignored (HTF Trend mismatch)
⏳ Signal filtered: STOXX50 SELL ignored (HTF Trend mismatch)
📡 SIGNAL SAVED: SELL USDCAD | Reason: Strong MSS + Bearish FVG | Conf: 88%
🧠 AI Brain Active [08:15:45] - Scanning Market...
📊 Scanning 50 active symbols found in database...
📡 SIGNAL SAVED: BUY CADCHF | Reason: Strong MSS + Bullish FVG | Conf: 88%
📡 SIGNAL SAVED: BUY CADJPY | Reason: Strong MSS + Bullish FVG | Conf: 88%
⏳ Signal filtered: DE40 BUY ignored (HTF Trend mismatch)
📡 SIGNAL SAVED: SELL EURCAD | Reason: Strong MSS + Bearish FVG | Conf: 88%
⏳ Signal filtered: EURGBP SELL ignored (HTF Trend mismatch)
⏳ Signal filtered: F40 SELL ignored (HTF Trend mismatch)
⏳ Signal filtered: GBPCHF BUY ignored (HTF Trend mismatch)
⏳ Signal filtered: GBPSGD BUY ignored (HTF Trend mismatch)
⏳ Signal filtered: STOXX50 SELL ignored (HTF Trend mismatch)
📡 SIGNAL SAVED: SELL USDCAD | Reason: Strong MSS + Bearish FVG | Conf: 88%
🧠 AI Brain Active [08:20:48] - Scanning Market...
📊 Scanning 50 active symbols found in database...
📡 SIGNAL SAVED: BUY CADCHF | Reason: Strong MSS + Bullish FVG | Conf: 88%
📡 SIGNAL SAVED: BUY CADJPY | Reason: Strong MSS + Bullish FVG | Conf: 88%
⏳ Signal filtered: DE40 BUY ignored (HTF Trend mismatch)
📡 SIGNAL SAVED: SELL EURCAD | Reason: Strong MSS + Bearish FVG | Conf: 88%
⏳ Signal filtered: EURGBP SELL ignored (HTF Trend mismatch)
⏳ Signal filtered: F40 SELL ignored (HTF Trend mismatch)
⏳ Signal filtered: GBPCHF BUY ignored (HTF Trend mismatch)
⏳ Signal filtered: GBPSGD BUY ignored (HTF Trend mismatch)
⏳ Signal filtered: STOXX50 SELL ignored (HTF Trend mismatch)
📡 SIGNAL SAVED: SELL USDCAD | Reason: Strong MSS + Bearish FVG | Conf: 88%
🧠 AI Brain Active [08:25:52] - Scanning Market...
📊 Scanning 50 active symbols found in database...
📡 SIGNAL SAVED: BUY CADCHF | Reason: Strong MSS + Bullish FVG | Conf: 88%
📡 SIGNAL SAVED: BUY CADJPY | Reason: Strong MSS + Bullish FVG | Conf: 88%
⏳ Signal filtered: DE40 BUY ignored (HTF Trend mismatch)
📡 SIGNAL SAVED: SELL EURCAD | Reason: Strong MSS + Bearish FVG | Conf: 88%
⏳ Signal filtered: EURGBP SELL ignored (HTF Trend mismatch)
⏳ Signal filtered: F40 SELL ignored (HTF Trend mismatch)
⏳ Signal filtered: GBPCHF BUY ignored (HTF Trend mismatch)
⏳ Signal filtered: GBPSGD BUY ignored (HTF Trend mismatch)
⏳ Signal filtered: STOXX50 SELL ignored (HTF Trend mismatch)
📡 SIGNAL SAVED: SELL USDCAD | Reason: Strong MSS + Bearish FVG | Conf: 88%
🧠 AI Brain Active [08:30:55] - Scanning Market...
📊 Scanning 50 active symbols found in database...
📡 SIGNAL SAVED: SELL AUDCAD | Reason: Strong MSS + Bearish FVG | Conf: 88%
📡 SIGNAL SAVED: SELL AUDCHF | Reason: Strong MSS + Bearish FVG | Conf: 88%
📡 SIGNAL SAVED: SELL AUDSGD | Reason: Strong MSS + Bearish FVG | Conf: 88%
📡 SIGNAL SAVED: SELL AUDUSD | Reason: Strong MSS + Bearish FVG | Conf: 88%
📡 SIGNAL SAVED: BUY EURAUD | Reason: Strong MSS + Bullish FVG | Conf: 88%
📡 SIGNAL SAVED: SELL EURUSD | Reason: Strong MSS + Bearish FVG | Conf: 88%
📡 SIGNAL SAVED: SELL GBPCHF | Reason: Strong MSS + Bearish FVG | Conf: 88%
📡 SIGNAL SAVED: SELL NZDCAD | Reason: Strong MSS + Bearish FVG | Conf: 88%
📡 SIGNAL SAVED: SELL NZDCHF | Reason: Strong MSS + Bearish FVG | Conf: 88%
📡 SIGNAL SAVED: SELL NZDUSD | Reason: Strong MSS + Bearish FVG | Conf: 88%
📡 SIGNAL SAVED: BUY USDJPY | Reason: Strong MSS + Bullish FVG | Conf: 88%
📡 SIGNAL SAVED: BUY USDSGD | Reason: Strong MSS + Bullish FVG | Conf: 88%
📡 SIGNAL SAVED: SELL XAGUSD | Reason: Strong MSS + Bearish FVG | Conf: 88%
⏳ Signal filtered: XAUUSD SELL ignored (HTF Trend mismatch)
🧠 AI Brain Active [08:36:00] - Scanning Market...
📊 Scanning 50 active symbols found in database...
📡 SIGNAL SAVED: SELL AUDCAD | Reason: Strong MSS + Bearish FVG | Conf: 88%
📡 SIGNAL SAVED: SELL AUDCHF | Reason: Strong MSS + Bearish FVG | Conf: 88%
📡 SIGNAL SAVED: SELL AUDSGD | Reason: Strong MSS + Bearish FVG | Conf: 88%
📡 SIGNAL SAVED: SELL AUDUSD | Reason: Strong MSS + Bearish FVG | Conf: 88%
📡 SIGNAL SAVED: BUY EURAUD | Reason: Strong MSS + Bullish FVG | Conf: 88%
📡 SIGNAL SAVED: SELL EURUSD | Reason: Strong MSS + Bearish FVG | Conf: 88%
📡 SIGNAL SAVED: SELL GBPCHF | Reason: Strong MSS + Bearish FVG | Conf: 88%
📡 SIGNAL SAVED: SELL NZDCAD | Reason: Strong MSS + Bearish FVG | Conf: 88%
📡 SIGNAL SAVED: SELL NZDCHF | Reason: Strong MSS + Bearish FVG | Conf: 88%
📡 SIGNAL SAVED: SELL NZDUSD | Reason: Strong MSS + Bearish FVG | Conf: 88%
📡 SIGNAL SAVED: BUY USDJPY | Reason: Strong MSS + Bullish FVG | Conf: 88%
📡 SIGNAL SAVED: BUY USDSGD | Reason: Strong MSS + Bullish FVG | Conf: 88%
📡 SIGNAL SAVED: SELL XAGUSD | Reason: Strong MSS + Bearish FVG | Conf: 88%
⏳ Signal filtered: XAUUSD SELL ignored (HTF Trend mismatch)
🧠 AI Brain Active [08:41:05] - Scanning Market...
📊 Scanning 50 active symbols found in database...
📡 SIGNAL SAVED: SELL AUDCAD | Reason: Strong MSS + Bearish FVG | Conf: 88%
📡 SIGNAL SAVED: SELL AUDCHF | Reason: Strong MSS + Bearish FVG | Conf: 88%
📡 SIGNAL SAVED: SELL AUDSGD | Reason: Strong MSS + Bearish FVG | Conf: 88%
📡 SIGNAL SAVED: SELL AUDUSD | Reason: Strong MSS + Bearish FVG | Conf: 88%
📡 SIGNAL SAVED: BUY EURAUD | Reason: Strong MSS + Bullish FVG | Conf: 88%
📡 SIGNAL SAVED: SELL EURUSD | Reason: Strong MSS + Bearish FVG | Conf: 88%
📡 SIGNAL SAVED: SELL GBPCHF | Reason: Strong MSS + Bearish FVG | Conf: 88%
📡 SIGNAL SAVED: SELL NZDCAD | Reason: Strong MSS + Bearish FVG | Conf: 88%
📡 SIGNAL SAVED: SELL NZDCHF | Reason: Strong MSS + Bearish FVG | Conf: 88%
📡 SIGNAL SAVED: SELL NZDUSD | Reason: Strong MSS + Bearish FVG | Conf: 88%
📡 SIGNAL SAVED: BUY USDJPY | Reason: Strong MSS + Bullish FVG | Conf: 88%
📡 SIGNAL SAVED: BUY USDSGD | Reason: Strong MSS + Bullish FVG | Conf: 88%
📡 SIGNAL SAVED: SELL XAGUSD | Reason: Strong MSS + Bearish FVG | Conf: 88%
⏳ Signal filtered: XAUUSD SELL ignored (HTF Trend mismatch)
🧠 AI Brain Active [08:46:09] - Scanning Market...
📊 Scanning 50 active symbols found in database...
📡 SIGNAL SAVED: SELL AUDCAD | Reason: Strong MSS + Bearish FVG | Conf: 88%
📡 SIGNAL SAVED: SELL AUDCHF | Reason: Strong MSS + Bearish FVG | Conf: 88%
📡 SIGNAL SAVED: SELL AUDSGD | Reason: Strong MSS + Bearish FVG | Conf: 88%
📡 SIGNAL SAVED: SELL AUDUSD | Reason: Strong MSS + Bearish FVG | Conf: 88%
📡 SIGNAL SAVED: BUY EURAUD | Reason: Strong MSS + Bullish FVG | Conf: 88%
📡 SIGNAL SAVED: SELL EURUSD | Reason: Strong MSS + Bearish FVG | Conf: 88%
📡 SIGNAL SAVED: SELL GBPCHF | Reason: Strong MSS + Bearish FVG | Conf: 88%
📡 SIGNAL SAVED: SELL NZDCAD | Reason: Strong MSS + Bearish FVG | Conf: 88%
📡 SIGNAL SAVED: SELL NZDCHF | Reason: Strong MSS + Bearish FVG | Conf: 88%
📡 SIGNAL SAVED: SELL NZDUSD | Reason: Strong MSS + Bearish FVG | Conf: 88%
📡 SIGNAL SAVED: BUY USDJPY | Reason: Strong MSS + Bullish FVG | Conf: 88%
📡 SIGNAL SAVED: BUY USDSGD | Reason: Strong MSS + Bullish FVG | Conf: 88%
📡 SIGNAL SAVED: SELL XAGUSD | Reason: Strong MSS + Bearish FVG | Conf: 88%
⏳ Signal filtered: XAUUSD SELL ignored (HTF Trend mismatch)
🧠 AI Brain Active [08:51:14] - Scanning Market...
📊 Scanning 50 active symbols found in database...
📡 SIGNAL SAVED: SELL AUDCAD | Reason: Strong MSS + Bearish FVG | Conf: 88%
📡 SIGNAL SAVED: SELL AUDCHF | Reason: Strong MSS + Bearish FVG | Conf: 88%
📡 SIGNAL SAVED: SELL AUDSGD | Reason: Strong MSS + Bearish FVG | Conf: 88%
📡 SIGNAL SAVED: SELL AUDUSD | Reason: Strong MSS + Bearish FVG | Conf: 88%
📡 SIGNAL SAVED: BUY EURAUD | Reason: Strong MSS + Bullish FVG | Conf: 88%
📡 SIGNAL SAVED: SELL EURUSD | Reason: Strong MSS + Bearish FVG | Conf: 88%
📡 SIGNAL SAVED: SELL GBPCHF | Reason: Strong MSS + Bearish FVG | Conf: 88%
📡 SIGNAL SAVED: SELL NZDCAD | Reason: Strong MSS + Bearish FVG | Conf: 88%
📡 SIGNAL SAVED: SELL NZDCHF | Reason: Strong MSS + Bearish FVG | Conf: 88%
📡 SIGNAL SAVED: SELL NZDUSD | Reason: Strong MSS + Bearish FVG | Conf: 88%
📡 SIGNAL SAVED: BUY USDJPY | Reason: Strong MSS + Bullish FVG | Conf: 88%
📡 SIGNAL SAVED: BUY USDSGD | Reason: Strong MSS + Bullish FVG | Conf: 88%
📡 SIGNAL SAVED: SELL XAGUSD | Reason: Strong MSS + Bearish FVG | Conf: 88%
⏳ Signal filtered: XAUUSD SELL ignored (HTF Trend mismatch)
🧠 AI Brain Active [08:56:19] - Scanning Market...
📊 Scanning 50 active symbols found in database...
📡 SIGNAL SAVED: SELL AUDCAD | Reason: Strong MSS + Bearish FVG | Conf: 88%
📡 SIGNAL SAVED: SELL AUDCHF | Reason: Strong MSS + Bearish FVG | Conf: 88%
📡 SIGNAL SAVED: SELL AUDSGD | Reason: Strong MSS + Bearish FVG | Conf: 88%
📡 SIGNAL SAVED: SELL AUDUSD | Reason: Strong MSS + Bearish FVG | Conf: 88%
📡 SIGNAL SAVED: BUY EURAUD | Reason: Strong MSS + Bullish FVG | Conf: 88%
📡 SIGNAL SAVED: SELL EURUSD | Reason: Strong MSS + Bearish FVG | Conf: 88%
📡 SIGNAL SAVED: SELL GBPCHF | Reason: Strong MSS + Bearish FVG | Conf: 88%
📡 SIGNAL SAVED: SELL NZDCAD | Reason: Strong MSS + Bearish FVG | Conf: 88%
📡 SIGNAL SAVED: SELL NZDCHF | Reason: Strong MSS + Bearish FVG | Conf: 88%
📡 SIGNAL SAVED: SELL NZDUSD | Reason: Strong MSS + Bearish FVG | Conf: 88%
📡 SIGNAL SAVED: BUY USDJPY | Reason: Strong MSS + Bullish FVG | Conf: 88%
📡 SIGNAL SAVED: BUY USDSGD | Reason: Strong MSS + Bullish FVG | Conf: 88%
📡 SIGNAL SAVED: SELL XAGUSD | Reason: Strong MSS + Bearish FVG | Conf: 88%
⏳ Signal filtered: XAUUSD SELL ignored (HTF Trend mismatch)
🧠 AI Brain Active [09:01:24] - Scanning Market...
📊 Scanning 50 active symbols found in database...
📡 SIGNAL SAVED: SELL AUDCAD | Reason: Strong MSS + Bearish FVG | Conf: 88%
📡 SIGNAL SAVED: SELL AUDCHF | Reason: Strong MSS + Bearish FVG | Conf: 88%
📡 SIGNAL SAVED: SELL AUDSGD | Reason: Strong MSS + Bearish FVG | Conf: 88%
📡 SIGNAL SAVED: SELL AUDUSD | Reason: Strong MSS + Bearish FVG | Conf: 88%
📡 SIGNAL SAVED: BUY EURAUD | Reason: Strong MSS + Bullish FVG | Conf: 88%
📡 SIGNAL SAVED: SELL EURUSD | Reason: Strong MSS + Bearish FVG | Conf: 88%
📡 SIGNAL SAVED: SELL GBPCHF | Reason: Strong MSS + Bearish FVG | Conf: 88%
📡 SIGNAL SAVED: SELL NZDCAD | Reason: Strong MSS + Bearish FVG | Conf: 88%
📡 SIGNAL SAVED: SELL NZDCHF | Reason: Strong MSS + Bearish FVG | Conf: 88%
📡 SIGNAL SAVED: SELL NZDUSD | Reason: Strong MSS + Bearish FVG | Conf: 88%
📡 SIGNAL SAVED: BUY USDJPY | Reason: Strong MSS + Bullish FVG | Conf: 88%
📡 SIGNAL SAVED: BUY USDSGD | Reason: Strong MSS + Bullish FVG | Conf: 88%
📡 SIGNAL SAVED: SELL XAGUSD | Reason: Strong MSS + Bearish FVG | Conf: 88%
⏳ Signal filtered: XAUUSD SELL ignored (HTF Trend mismatch)
🧠 AI Brain Active [09:06:30] - Scanning Market...
📊 Scanning 50 active symbols found in database...
📡 SIGNAL SAVED: BUY EURGBP | Reason: Strong MSS + Bullish FVG | Conf: 88%
⏳ Signal filtered: GBPAUD SELL ignored (HTF Trend mismatch)
⏳ Signal filtered: XAGUSD BUY ignored (HTF Trend mismatch)
📡 SIGNAL SAVED: BUY XAUUSD | Reason: Strong MSS + Bullish FVG | Conf: 88%
🧠 AI Brain Active [09:11:32] - Scanning Market...
📊 Scanning 50 active symbols found in database...
📡 SIGNAL SAVED: BUY EURGBP | Reason: Strong MSS + Bullish FVG | Conf: 88%
⏳ Signal filtered: GBPAUD SELL ignored (HTF Trend mismatch)
⏳ Signal filtered: XAGUSD BUY ignored (HTF Trend mismatch)
📡 SIGNAL SAVED: BUY XAUUSD | Reason: Strong MSS + Bullish FVG | Conf: 88%
📡 SIGNAL SAVED: BUY XPTUSD | Reason: Strong MSS + Bullish FVG | Conf: 88%
🧠 AI Brain Active [09:16:35] - Scanning Market...
📊 Scanning 50 active symbols found in database...
📡 SIGNAL SAVED: BUY EURGBP | Reason: Strong MSS + Bullish FVG | Conf: 88%
⏳ Signal filtered: GBPAUD SELL ignored (HTF Trend mismatch)
⏳ Signal filtered: XAGUSD BUY ignored (HTF Trend mismatch)
📡 SIGNAL SAVED: BUY XAUUSD | Reason: Strong MSS + Bullish FVG | Conf: 88%
📡 SIGNAL SAVED: BUY XPTUSD | Reason: Strong MSS + Bullish FVG | Conf: 88%
gnored (HTF Trend mismatch)
🧠 AI Brain Active [09:04:42] - Scanning Market...
📊 Scanning 50 active symbols found in database...
📡 SIGNAL SAVED: BUY EURGBP | Reason: Strong MSS + Bullish FVG | Conf: 88%
📡 SIGNAL SAVED: SELL EURUSD | Reason: Strong MSS + Bearish FVG | Conf: 88%
📡 SIGNAL SAVED: SELL GBPCHF | Reason: Strong MSS + Bearish FVG | Conf: 88%
📡 SIGNAL SAVED: SELL NZDCAD | Reason: Strong MSS + Bearish FVG | Conf: 88%
📡 SIGNAL SAVED: SELL NZDCHF | Reason: Strong MSS + Bearish FVG | Conf: 88%
📡 SIGNAL SAVED: SELL NZDUSD | Reason: Strong MSS + Bearish FVG | Conf: 88%
📡 SIGNAL SAVED: BUY USDJPY | Reason: Strong MSS + Bullish FVG | Conf: 88%
📡 SIGNAL SAVED: BUY USDSGD | Reason: Strong MSS + Bullish FVG | Conf: 88%
📡 SIGNAL SAVED: SELL XAGUSD | Reason: Strong MSS + Bearish FVG | Conf: 88%
⏳ Signal filtered: XAUUSD SELL ignored (HTF Trend mismatch)
🧠 AI Brain Active [09:09:46] - Scanning Market...
📊 Scanning 50 active symbols found in database...
📡 SIGNAL SAVED: BUY EURGBP | Reason: Strong MSS + Bullish FVG | Conf: 88%
⏳ Signal filtered: GBPAUD SELL ignored (HTF Trend mismatch)
⏳ Signal filtered: XAGUSD BUY ignored (HTF Trend mismatch)
📡 SIGNAL SAVED: BUY XAUUSD | Reason: Strong MSS + Bullish FVG | Conf: 88%
📡 SIGNAL SAVED: BUY XPTUSD | Reason: Strong MSS + Bullish FVG | Conf: 88%
🧠 AI Brain Active [09:14:49] - Scanning Market...
📊 Scanning 50 active symbols found in database...
📡 SIGNAL SAVED: BUY EURGBP | Reason: Strong MSS + Bullish FVG | Conf: 88%
⏳ Signal filtered: GBPAUD SELL ignored (HTF Trend mismatch)
⏳ Signal filtered: XAGUSD BUY ignored (HTF Trend mismatch)
📡 SIGNAL SAVED: BUY XAUUSD | Reason: Strong MSS + Bullish FVG | Conf: 88%
📡 SIGNAL SAVED: BUY XPTUSD | Reason: Strong MSS + Bullish FVG | Conf: 88%
🧠 AI Brain Active [09:19:52] - Scanning Market...
📊 Scanning 50 active symbols found in database...
📡 SIGNAL SAVED: BUY EURGBP | Reason: Strong MSS + Bullish FVG | Conf: 88%
⏳ Signal filtered: GBPAUD SELL ignored (HTF Trend mismatch)
⏳ Signal filtered: XAGUSD BUY ignored (HTF Trend mismatch)
📡 SIGNAL SAVED: BUY XAUUSD | Reason: Strong MSS + Bullish FVG | Conf: 88%
📡 SIGNAL SAVED: BUY XPTUSD | Reason: Strong MSS + Bullish FVG | Conf: 88%
